<?xml version="1.0" encoding="UTF-8"?>
<!-- Generated by org.testng.reporters.JUnitXMLReporter -->
<testsuite hostname="DESKTOP-O6C5HTH" ignored="1" name="Test" tests="13" failures="1" timestamp="2020-12-03T14:23:34 IST" time="0.158" errors="0">
  <testcase name="s1" time="0.013" classname="project1.keywords"/>
  <testcase name="s1" time="0.003" classname="project1.keywords"/>
  <testcase name="s1" time="0.003" classname="project1.keywords"/>
  <testcase name="s1" time="0.003" classname="project1.keywords"/>
  <testcase name="s2" time="0.002" classname="project1.keywords"/>
  <testcase name="s3" time="0.017" classname="project1.keywords">
    <failure type="org.testng.internal.thread.ThreadTimeoutException" message="Method project1.keywords.s3() didn&amp;apos;t finish within the time-out 3">
      <![CDATA[org.testng.internal.thread.ThreadTimeoutException: Method project1.keywords.s3() didn't finish within the time-out 3
at java.lang.Thread.sleep(Native Method)
at project1.keywords.s3(keywords.java:19)
at java.util.concurrent.Executors$RunnableAdapter.call(Unknown Source)
at java.util.concurrent.FutureTask.run(Unknown Source)
at java.util.concurrent.ThreadPoolExecutor.runWorker(Unknown Source)
at java.util.concurrent.ThreadPoolExecutor$Worker.run(Unknown Source)
at java.lang.Thread.run(Unknown Source)
... Removed 7 stack frames]]>
    </failure>
  </testcase> <!-- s3 -->
  <testcase name="s5" time="0.008" classname="project1.keywords"/>
  <testcase name="a" time="0.001" classname="project1.myfirst"/>
  <testcase name="s1" time="0.001" classname="project1.myfirst"/>
  <testcase name="s2" time="0.001" classname="project1.myfirst"/>
  <testcase name="m1" time="0.006" classname="project1.assertion_testng"/>
  <testcase name="m2" time="0.001" classname="project1.assertion_testng"/>
  <testcase name="m3" time="0.002" classname="project1.assertion_testng"/>
  <testcase name="s4" time="0.0" classname="project1.keywords">
    <ignored/>
  </testcase> <!-- s4 -->
</testsuite> <!-- Test -->
