<?xml version="1.0" encoding="UTF-8"?>
<testng-results skipped="0" failed="0" ignored="0" total="1" passed="1">
  <reporter-output>
  </reporter-output>
  <suite name="Default suite" duration-ms="16514" started-at="2020-12-03T18:33:45 IST" finished-at="2020-12-03T18:34:02 IST">
    <groups>
    </groups>
    <test name="Default test" duration-ms="16514" started-at="2020-12-03T18:33:45 IST" finished-at="2020-12-03T18:34:02 IST">
      <class name="project1.navin">
        <test-method status="PASS" signature="setup_method()[pri:0, instance:project1.navin@6d7b4f4c]" name="setup_method" is-config="true" duration-ms="15633" started-at="2020-12-03T18:33:45 IST" finished-at="2020-12-03T18:34:01 IST">
          <reporter-output>
          </reporter-output>
        </test-method> <!-- setup_method -->
        <test-method status="PASS" signature="verify_page_title()[pri:0, instance:project1.navin@6d7b4f4c]" name="verify_page_title" duration-ms="24" started-at="2020-12-03T18:34:01 IST" finished-at="2020-12-03T18:34:01 IST">
          <reporter-output>
          </reporter-output>
        </test-method> <!-- verify_page_title -->
        <test-method status="PASS" signature="roser_close()[pri:0, instance:project1.navin@6d7b4f4c]" name="roser_close" is-config="true" duration-ms="812" started-at="2020-12-03T18:34:01 IST" finished-at="2020-12-03T18:34:02 IST">
          <reporter-output>
          </reporter-output>
        </test-method> <!-- roser_close -->
      </class> <!-- project1.navin -->
    </test> <!-- Default test -->
  </suite> <!-- Default suite -->
</testng-results>
